# JRE version: OpenJDK Runtime Environment (17.0.9) (build 17.0.9+0--11185874)
# Java VM: OpenJDK 64-Bit Server VM (17.0.9+0--11185874, mixed mode, tiered, compressed oops, compressed class ptrs, g1 gc, windows-amd64)
GC Precious Log:
 CPUs: 4 total, 4 available
 Memory: 7794M
 Large Page Support: Disabled
 NUMA Support: Disabled
 Compressed Oops: Enabled (32-bit)
 Heap Region Size: 1M
 Heap Min Capacity: 8M
 Heap Initial Capacity: 122M
 Heap Max Capacity: 2G
 Pre-touch: Disabled
 Parallel Workers: 4
 Concurrent Workers: 1
 Concurrent Refinement Workers: 4
 Periodic GC: Disabled
Heap:
 garbage-first heap   total 304128K, used 249856K [0x0000000080000000, 0x0000000100000000)
  region size 1024K, 2 young (2048K), 2 survivors (2048K)
 Metaspace       used 119693K, committed 120512K, reserved 1179648K
  class space    used 16364K, committed 16768K, reserved 1048576K
GC Heap History (20 events):
Event: 90.806 GC heap after
{Heap after GC invocations=103 (full 0):
 garbage-first heap   total 248832K, used 148249K [0x0000000080000000, 0x0000000100000000)
  region size 1024K, 5 young (5120K), 5 survivors (5120K)
 Metaspace       used 114013K, committed 114816K, reserved 1179648K
  class space    used 15624K, committed 16000K, reserved 1048576K
}
Event: 92.278 GC heap before
{Heap before GC invocations=103 (full 0):
 garbage-first heap   total 248832K, used 217881K [0x0000000080000000, 0x0000000100000000)
  region size 1024K, 73 young (74752K), 5 survivors (5120K)
 Metaspace       used 114016K, committed 114816K, reserved 1179648K
  class space    used 15624K, committed 16000K, reserved 1048576K
}
Event: 92.291 GC heap after
{Heap after GC invocations=104 (full 0):
 garbage-first heap   total 248832K, used 148461K [0x0000000080000000, 0x0000000100000000)
  region size 1024K, 5 young (5120K), 5 survivors (5120K)
 Metaspace       used 114016K, committed 114816K, reserved 1179648K
  class space    used 15624K, committed 16000K, reserved 1048576K
}
Event: 94.998 GC heap before
{Heap before GC invocations=104 (full 0):
 garbage-first heap   total 248832K, used 210925K [0x0000000080000000, 0x0000000100000000)
  region size 1024K, 67 young (68608K), 5 survivors (5120K)
 Metaspace       used 115387K, committed 116096K, reserved 1179648K
  class space    used 15855K, committed 16192K, reserved 1048576K
}
Event: 95.044 GC heap after
{Heap after GC invocations=105 (full 0):
 garbage-first heap   total 248832K, used 151771K [0x0000000080000000, 0x0000000100000000)
  region size 1024K, 8 young (8192K), 8 survivors (8192K)
 Metaspace       used 115387K, committed 116096K, reserved 1179648K
  class space    used 15855K, committed 16192K, reserved 1048576K
}
Event: 100.338 GC heap before
{Heap before GC invocations=106 (full 0):
 garbage-first heap   total 280576K, used 218331K [0x0000000080000000, 0x0000000100000000)
  region size 1024K, 66 young (67584K), 8 survivors (8192K)
 Metaspace       used 116491K, committed 117248K, reserved 1179648K
  class space    used 16012K, committed 16384K, reserved 1048576K
}
Event: 100.360 GC heap after
{Heap after GC invocations=107 (full 0):
 garbage-first heap   total 280576K, used 148484K [0x0000000080000000, 0x0000000100000000)
  region size 1024K, 4 young (4096K), 4 survivors (4096K)
 Metaspace       used 116491K, committed 117248K, reserved 1179648K
  class space    used 16012K, committed 16384K, reserved 1048576K
}
Event: 105.454 GC heap before
{Heap before GC invocations=107 (full 0):
 garbage-first heap   total 280576K, used 162820K [0x0000000080000000, 0x0000000100000000)
  region size 1024K, 13 young (13312K), 4 survivors (4096K)
 Metaspace       used 116727K, committed 117568K, reserved 1179648K
  class space    used 16036K, committed 16448K, reserved 1048576K
}
Event: 105.524 GC heap after
{Heap after GC invocations=108 (full 0):
 garbage-first heap   total 280576K, used 136214K [0x0000000080000000, 0x0000000100000000)
  region size 1024K, 2 young (2048K), 2 survivors (2048K)
 Metaspace       used 116727K, committed 117568K, reserved 1179648K
  class space    used 16036K, committed 16448K, reserved 1048576K
}
Event: 106.371 GC heap before
{Heap before GC invocations=108 (full 0):
 garbage-first heap   total 280576K, used 148502K [0x0000000080000000, 0x0000000100000000)
  region size 1024K, 13 young (13312K), 2 survivors (2048K)
 Metaspace       used 117261K, committed 118080K, reserved 1179648K
  class space    used 16094K, committed 16512K, reserved 1048576K
}
Event: 106.381 GC heap after
{Heap after GC invocations=109 (full 0):
 garbage-first heap   total 280576K, used 139741K [0x0000000080000000, 0x0000000100000000)
  region size 1024K, 2 young (2048K), 2 survivors (2048K)
 Metaspace       used 117261K, committed 118080K, reserved 1179648K
  class space    used 16094K, committed 16512K, reserved 1048576K
}
Event: 107.552 GC heap before
{Heap before GC invocations=109 (full 0):
 garbage-first heap   total 280576K, used 270813K [0x0000000080000000, 0x0000000100000000)
  region size 1024K, 92 young (94208K), 2 survivors (2048K)
 Metaspace       used 119277K, committed 120128K, reserved 1179648K
  class space    used 16332K, committed 16768K, reserved 1048576K
}
Event: 107.701 GC heap after
{Heap after GC invocations=110 (full 0):
 garbage-first heap   total 304128K, used 188742K [0x0000000080000000, 0x0000000100000000)
  region size 1024K, 13 young (13312K), 13 survivors (13312K)
 Metaspace       used 119277K, committed 120128K, reserved 1179648K
  class space    used 16332K, committed 16768K, reserved 1048576K
}
Event: 110.577 GC heap before
{Heap before GC invocations=110 (full 0):
 garbage-first heap   total 304128K, used 245062K [0x0000000080000000, 0x0000000100000000)
  region size 1024K, 68 young (69632K), 13 survivors (13312K)
 Metaspace       used 119679K, committed 120512K, reserved 1179648K
  class space    used 16364K, committed 16768K, reserved 1048576K
}
Event: 110.644 GC heap after
{Heap after GC invocations=111 (full 0):
 garbage-first heap   total 304128K, used 215438K [0x0000000080000000, 0x0000000100000000)
  region size 1024K, 9 young (9216K), 9 survivors (9216K)
 Metaspace       used 119679K, committed 120512K, reserved 1179648K
  class space    used 16364K, committed 16768K, reserved 1048576K
}
Event: 110.824 GC heap before
{Heap before GC invocations=111 (full 0):
 garbage-first heap   total 304128K, used 245134K [0x0000000080000000, 0x0000000100000000)
  region size 1024K, 39 young (39936K), 9 survivors (9216K)
 Metaspace       used 119693K, committed 120512K, reserved 1179648K
  class space    used 16364K, committed 16768K, reserved 1048576K
}
Event: 110.936 GC heap after
{Heap after GC invocations=112 (full 0):
 garbage-first heap   total 304128K, used 231936K [0x0000000080000000, 0x0000000100000000)
  region size 1024K, 5 young (5120K), 5 survivors (5120K)
 Metaspace       used 119693K, committed 120512K, reserved 1179648K
  class space    used 16364K, committed 16768K, reserved 1048576K
}
Event: 111.339 GC heap before
{Heap before GC invocations=112 (full 0):
 garbage-first heap   total 304128K, used 250368K [0x0000000080000000, 0x0000000100000000)
  region size 1024K, 24 young (24576K), 5 survivors (5120K)
 Metaspace       used 119693K, committed 120512K, reserved 1179648K
  class space    used 16364K, committed 16768K, reserved 1048576K
}
Event: 111.443 GC heap after
{Heap after GC invocations=113 (full 0):
 garbage-first heap   total 304128K, used 242176K [0x0000000080000000, 0x0000000100000000)
  region size 1024K, 3 young (3072K), 3 survivors (3072K)
 Metaspace       used 119693K, committed 120512K, reserved 1179648K
  class space    used 16364K, committed 16768K, reserved 1048576K
}
Event: 111.508 GC heap before
{Heap before GC invocations=113 (full 0):
 garbage-first heap   total 304128K, used 255488K [0x0000000080000000, 0x0000000100000000)
  region size 1024K, 16 young (16384K), 3 survivors (3072K)
 Metaspace       used 119693K, committed 120512K, reserved 1179648K
  class space    used 16364K, committed 16768K, reserved 1048576K
}

